13:17:51,479 INFO  [org.jboss.modules] (main) JBoss Modules version 1.3.6.Final-redhat-1
13:17:51,578 INFO  [org.jboss.msc] (main) JBoss MSC version 1.1.5.Final-redhat-1
13:17:51,629 INFO  [org.jboss.as] (MSC service thread 1-6) JBAS015899: JBoss EAP 6.4.0.GA (AS 7.5.0.Final-redhat-21) starting
13:17:51,633 DEBUG [org.jboss.as.config] (MSC service thread 1-6) Configured system properties:
	awt.toolkit = sun.awt.X11.XToolkit
	file.encoding = UTF-8
	file.encoding.pkg = sun.io
	file.separator = /
	java.awt.graphicsenv = sun.awt.X11GraphicsEnvironment
	java.awt.headless = true
	java.awt.printerjob = sun.print.PSPrinterJob
	java.class.path = /opt/jboss-eap-6.4/jboss-modules.jar:/usr/lib/jvm/jdk1.8.0_171-x64/jre/lib/resources.jar:/usr/lib/jvm/jdk1.8.0_171-x64/jre/lib/rt.jar:/usr/lib/jvm/jdk1.8.0_171-x64/jre/lib/jsse.jar:/usr/lib/jvm/jdk1.8.0_171-x64/jre/lib/jce.jar:/usr/lib/jvm/jdk1.8.0_171-x64/jre/lib/charsets.jar:/usr/lib/jvm/jdk1.8.0_171-x64/jre/lib/jfr.jar
	java.class.version = 52.0
	java.endorsed.dirs = /usr/lib/jvm/jdk1.8.0_171-x64/jre/lib/endorsed
	java.ext.dirs = /usr/lib/jvm/jdk1.8.0_171-x64/jre/lib/ext:/usr/java/packages/lib/ext
	java.home = /usr/lib/jvm/jdk1.8.0_171-x64/jre
	java.io.tmpdir = /tmp
	java.library.path = /usr/java/packages/lib/amd64:/usr/lib64:/lib64:/lib:/usr/lib
	java.net.preferIPv4Stack = true
	java.runtime.name = Java(TM) SE Runtime Environment
	java.runtime.version = 1.8.0_171-b11
	java.specification.name = Java Platform API Specification
	java.specification.vendor = Oracle Corporation
	java.specification.version = 1.8
	java.util.logging.manager = org.jboss.logmanager.LogManager
	java.vendor = Oracle Corporation
	java.vendor.url = http://java.oracle.com/
	java.vendor.url.bug = http://bugreport.sun.com/bugreport/
	java.version = 1.8.0_171
	java.vm.info = mixed mode
	java.vm.name = Java HotSpot(TM) 64-Bit Server VM
	java.vm.specification.name = Java Virtual Machine Specification
	java.vm.specification.vendor = Oracle Corporation
	java.vm.specification.version = 1.8
	java.vm.vendor = Oracle Corporation
	java.vm.version = 25.171-b11
	javax.management.builder.initial = org.jboss.as.jmx.PluggableMBeanServerBuilder
	javax.xml.datatype.DatatypeFactory = __redirected.__DatatypeFactory
	javax.xml.parsers.DocumentBuilderFactory = __redirected.__DocumentBuilderFactory
	javax.xml.parsers.SAXParserFactory = __redirected.__SAXParserFactory
	javax.xml.stream.XMLEventFactory = __redirected.__XMLEventFactory
	javax.xml.stream.XMLInputFactory = __redirected.__XMLInputFactory
	javax.xml.stream.XMLOutputFactory = __redirected.__XMLOutputFactory
	javax.xml.transform.TransformerFactory = __redirected.__TransformerFactory
	javax.xml.validation.SchemaFactory:http://www.w3.org/2001/XMLSchema = __redirected.__SchemaFactory
	javax.xml.xpath.XPathFactory:http://java.sun.com/jaxp/xpath/dom = __redirected.__XPathFactory
	jboss.bind.address = localhost
	jboss.bind.address.management = localhost
	jboss.home.dir = /opt/jboss-eap-6.4
	jboss.host.name = dixy-inspiron-15-7000-gaming
	jboss.modules.dir = /opt/jboss-eap-6.4/modules
	jboss.modules.system.pkgs = org.jboss.byteman
	jboss.node.name = dixy-inspiron-15-7000-gaming
	jboss.qualified.host.name = dixy-inspiron-15-7000-gaming
	jboss.server.base.dir = /opt/jboss-eap-6.4/standalone
	jboss.server.config.dir = /opt/jboss-eap-6.4/standalone/configuration
	jboss.server.data.dir = /opt/jboss-eap-6.4/standalone/data
	jboss.server.deploy.dir = /opt/jboss-eap-6.4/standalone/data/content
	jboss.server.log.dir = /opt/jboss-eap-6.4/standalone/log
	jboss.server.name = dixy-inspiron-15-7000-gaming
	jboss.server.persist.config = true
	jboss.server.temp.dir = /opt/jboss-eap-6.4/standalone/tmp
	line.separator = 

	logging.configuration = file:/opt/jboss-eap-6.4/standalone/configuration/logging.properties
	module.path = /opt/jboss-eap-6.4/modules
	org.jboss.boot.log.file = /opt/jboss-eap-6.4/standalone/log/boot.log
	org.jboss.logmanager.nocolor = true
	org.jboss.resolver.warning = true
	org.xml.sax.driver = __redirected.__XMLReaderFactory
	os.arch = amd64
	os.name = Linux
	os.version = 4.15.0-29-generic
	path.separator = :
	program.name = JBossTools: Red Hat JBoss EAP 6.1+
	sun.arch.data.model = 64
	sun.boot.class.path = /usr/lib/jvm/jdk1.8.0_171-x64/jre/lib/resources.jar:/usr/lib/jvm/jdk1.8.0_171-x64/jre/lib/rt.jar:/usr/lib/jvm/jdk1.8.0_171-x64/jre/lib/sunrsasign.jar:/usr/lib/jvm/jdk1.8.0_171-x64/jre/lib/jsse.jar:/usr/lib/jvm/jdk1.8.0_171-x64/jre/lib/jce.jar:/usr/lib/jvm/jdk1.8.0_171-x64/jre/lib/charsets.jar:/usr/lib/jvm/jdk1.8.0_171-x64/jre/lib/jfr.jar:/usr/lib/jvm/jdk1.8.0_171-x64/jre/classes
	sun.boot.library.path = /usr/lib/jvm/jdk1.8.0_171-x64/jre/lib/amd64
	sun.cpu.endian = little
	sun.cpu.isalist = 
	sun.desktop = gnome
	sun.io.unicode.encoding = UnicodeLittle
	sun.java.command = org.jboss.modules.Main -mp /opt/jboss-eap-6.4/modules -jaxpmodule javax.xml.jaxp-provider -jaxpmodule javax.xml.jaxp-provider org.jboss.as.standalone -b localhost --server-config=standalone.xml -Djboss.server.base.dir=/opt/jboss-eap-6.4/standalone
	sun.java.launcher = SUN_STANDARD
	sun.jnu.encoding = UTF-8
	sun.management.compiler = HotSpot 64-Bit Tiered Compilers
	sun.os.patch.level = unknown
	sun.rmi.dgc.client.gcInterval = 3600000
	sun.rmi.dgc.server.gcInterval = 3600000
	user.country = US
	user.country.format = BR
	user.dir = /opt/jboss-eap-6.4/bin
	user.home = /home/dixy
	user.language = en
	user.language.format = pt
	user.name = dixy
	user.timezone = America/Sao_Paulo
13:17:51,634 DEBUG [org.jboss.as.config] (MSC service thread 1-6) VM Arguments: -Dprogram.name=JBossTools: Red Hat JBoss EAP 6.1+ -Xms1024m -Xmx1024m -XX:MaxPermSize=256m -Dorg.jboss.resolver.warning=true -Djava.net.preferIPv4Stack=true -Dsun.rmi.dgc.client.gcInterval=3600000 -Dsun.rmi.dgc.server.gcInterval=3600000 -Djboss.modules.system.pkgs=org.jboss.byteman -Djava.awt.headless=true -Dorg.jboss.boot.log.file=/opt/jboss-eap-6.4/standalone/log/boot.log -Dlogging.configuration=file:/opt/jboss-eap-6.4/standalone/configuration/logging.properties -Djboss.home.dir=/opt/jboss-eap-6.4 -Dorg.jboss.logmanager.nocolor=true -Djboss.bind.address.management=localhost -XX:+UnlockCommercialFeatures -XX:+FlightRecorder -XX:FlightRecorderOptions=defaultrecording=true,dumponexit=true,dumponexitpath=/tmp/ldap-search.jfr,maxage=6h,settings=profile -Dfile.encoding=UTF-8 
13:17:52,239 INFO  [org.jboss.as.server.deployment.scanner] (DeploymentScanner-threads - 1) JBAS015003: Found ldap-search-0.0.1-SNAPSHOT.war in deployment directory. To trigger deployment create a file called ldap-search-0.0.1-SNAPSHOT.war.dodeploy
13:17:52,259 INFO  [org.xnio] (MSC service thread 1-14) XNIO Version 3.0.13.GA-redhat-1
13:17:52,262 INFO  [org.jboss.as.server] (Controller Boot Thread) JBAS015888: Creating http management service using socket-binding (management-http)
13:17:52,264 INFO  [org.xnio.nio] (MSC service thread 1-14) XNIO NIO Implementation Version 3.0.13.GA-redhat-1
13:17:52,275 INFO  [org.jboss.remoting] (MSC service thread 1-14) JBoss Remoting version 3.3.4.Final-redhat-1
13:17:52,296 INFO  [org.jboss.as.clustering.infinispan] (ServerService Thread Pool -- 31) JBAS010280: Activating Infinispan subsystem.
13:17:52,334 INFO  [org.jboss.as.connector.logging] (MSC service thread 1-13) JBAS010408: Starting JCA Subsystem (IronJacamar 1.0.31.Final-redhat-1)
13:17:52,341 INFO  [org.jboss.as.connector.subsystems.datasources] (ServerService Thread Pool -- 27) JBAS010403: Deploying JDBC-compliant driver class org.h2.Driver (version 1.3)
13:17:52,347 INFO  [org.jboss.as.naming] (ServerService Thread Pool -- 39) JBAS011800: Activating Naming Subsystem
13:17:52,354 INFO  [org.jboss.as.jsf] (ServerService Thread Pool -- 37) JBAS012615: Activated the following JSF Implementations: [main, 1.2]
13:17:52,359 INFO  [org.jboss.as.naming] (MSC service thread 1-10) JBAS011802: Starting Naming Service
13:17:52,359 INFO  [org.jboss.as.mail.extension] (MSC service thread 1-10) JBAS015400: Bound mail session [java:jboss/mail/Default]
13:17:52,440 INFO  [org.jboss.as.security] (ServerService Thread Pool -- 44) JBAS013371: Activating Security Subsystem
13:17:52,450 WARN  [org.jboss.as.txn] (ServerService Thread Pool -- 46) JBAS010153: Node identifier property is set to the default value. Please make sure it is unique.
13:17:52,466 INFO  [org.jboss.as.security] (MSC service thread 1-1) JBAS013370: Current PicketBox version=4.1.1.Final-redhat-1
13:17:52,474 INFO  [org.jboss.as.webservices] (ServerService Thread Pool -- 48) JBAS015537: Activating WebServices Extension
13:17:52,578 INFO  [org.apache.coyote.http11.Http11Protocol] (MSC service thread 1-8) JBWEB003001: Coyote HTTP/1.1 initializing on : http-localhost/127.0.0.1:8080
13:17:52,610 INFO  [org.apache.coyote.http11.Http11Protocol] (MSC service thread 1-8) JBWEB003000: Coyote HTTP/1.1 starting on: http-localhost/127.0.0.1:8080
13:17:52,693 INFO  [org.jboss.as.server.deployment.scanner] (MSC service thread 1-8) JBAS015012: Started FileSystemDeploymentService for directory /opt/jboss-eap-6.4/standalone/deployments
13:17:52,693 INFO  [org.jboss.as.server.deployment] (MSC service thread 1-4) JBAS015876: Starting deployment of "ldap-search-0.0.1-SNAPSHOT.war" (runtime-name: "ldap-search-0.0.1-SNAPSHOT.war")
13:17:52,701 INFO  [org.jboss.as.remoting] (MSC service thread 1-9) JBAS017100: Listening on 127.0.0.1:4447
13:17:52,701 INFO  [org.jboss.as.remoting] (MSC service thread 1-11) JBAS017100: Listening on 127.0.0.1:9999
13:17:52,738 INFO  [org.jboss.ws.common.management] (MSC service thread 1-3) JBWS022052: Starting JBoss Web Services - Stack CXF Server 4.3.4.Final-redhat-1
13:17:52,747 INFO  [org.jboss.as.connector.subsystems.datasources] (MSC service thread 1-15) JBAS010400: Bound data source [java:jboss/datasources/ExampleDS]
13:17:53,612 WARN  [org.jboss.as.ee] (MSC service thread 1-6) JBAS011006: Not installing optional component org.springframework.http.server.ServletServerHttpAsyncRequestControl due to an exception (enable DEBUG log level to see the cause)
13:17:53,613 WARN  [org.jboss.as.ee] (MSC service thread 1-6) JBAS011006: Not installing optional component org.springframework.web.context.request.async.StandardServletAsyncWebRequest due to an exception (enable DEBUG log level to see the cause)
13:17:53,671 INFO  [org.jboss.web] (ServerService Thread Pool -- 58) JBAS018210: Register web context: /ldap
13:17:53,691 INFO  [org.apache.catalina.core.ContainerBase.[jboss.web].[default-host].[/ldap]] (ServerService Thread Pool -- 58) 2 Spring WebApplicationInitializers detected on classpath
13:17:53,802 INFO  [org.apache.catalina.core.ContainerBase.[jboss.web].[default-host].[/ldap]] (ServerService Thread Pool -- 58) Initializing Spring root WebApplicationContext
13:17:53,803 INFO  [org.springframework.web.context.ContextLoader] (ServerService Thread Pool -- 58) Root WebApplicationContext: initialization started
13:17:53,812 INFO  [org.springframework.web.context.support.AnnotationConfigWebApplicationContext] (ServerService Thread Pool -- 58) Refreshing Root WebApplicationContext: startup date [Sun Aug 26 13:17:53 BRT 2018]; root of context hierarchy
13:17:53,841 INFO  [org.springframework.web.context.support.AnnotationConfigWebApplicationContext] (ServerService Thread Pool -- 58) Registering annotated classes: [class br.com.dixy.ldap.LdapSearchApplication]
13:17:53,854 INFO  [org.springframework.web.context.support.AnnotationConfigWebApplicationContext] (ServerService Thread Pool -- 58) No annotated classes found for specified class/package [<NONE>]
13:17:54,164 INFO  [org.springframework.beans.factory.annotation.AutowiredAnnotationBeanPostProcessor] (ServerService Thread Pool -- 58) JSR-330 'javax.inject.Inject' annotation found and supported for autowiring
13:17:54,342 INFO  [org.springframework.web.servlet.mvc.method.annotation.RequestMappingHandlerMapping] (ServerService Thread Pool -- 58) Mapped "{[/people],methods=[GET]}" onto public java.util.List<br.com.dixy.ldap.domain.Person> br.com.dixy.ldap.controller.PersonController.getPeople()
13:17:54,483 INFO  [org.hibernate.validator.internal.util.Version] (ServerService Thread Pool -- 58) HV000001: Hibernate Validator 4.3.2.Final-redhat-2
13:17:54,520 INFO  [org.springframework.web.servlet.mvc.method.annotation.RequestMappingHandlerAdapter] (ServerService Thread Pool -- 58) Looking for @ControllerAdvice: Root WebApplicationContext: startup date [Sun Aug 26 13:17:53 BRT 2018]; root of context hierarchy
13:17:54,587 INFO  [org.springframework.web.context.ContextLoader] (ServerService Thread Pool -- 58) Root WebApplicationContext: initialization completed in 784 ms
13:17:54,590 INFO  [org.apache.catalina.core.ContainerBase.[jboss.web].[default-host].[/ldap]] (ServerService Thread Pool -- 58) Initializing Spring FrameworkServlet 'dispatcher'
13:17:54,590 INFO  [org.springframework.web.servlet.DispatcherServlet] (ServerService Thread Pool -- 58) FrameworkServlet 'dispatcher': initialization started
13:17:54,592 INFO  [org.springframework.web.context.support.AnnotationConfigWebApplicationContext] (ServerService Thread Pool -- 58) Refreshing WebApplicationContext for namespace 'dispatcher-servlet': startup date [Sun Aug 26 13:17:54 BRT 2018]; parent: Root WebApplicationContext
13:17:54,593 INFO  [org.springframework.beans.factory.annotation.AutowiredAnnotationBeanPostProcessor] (ServerService Thread Pool -- 58) JSR-330 'javax.inject.Inject' annotation found and supported for autowiring
13:17:54,614 INFO  [org.springframework.web.servlet.DispatcherServlet] (ServerService Thread Pool -- 58) FrameworkServlet 'dispatcher': initialization completed in 24 ms
13:17:54,648 INFO  [org.jboss.as.server] (ServerService Thread Pool -- 28) JBAS015859: Deployed "ldap-search-0.0.1-SNAPSHOT.war" (runtime-name : "ldap-search-0.0.1-SNAPSHOT.war")
13:17:54,656 INFO  [org.jboss.as] (Controller Boot Thread) JBAS015961: Http management interface listening on http://127.0.0.1:9990/management
13:17:54,657 INFO  [org.jboss.as] (Controller Boot Thread) JBAS015951: Admin console listening on http://127.0.0.1:9990
13:17:54,657 INFO  [org.jboss.as] (Controller Boot Thread) JBAS015874: JBoss EAP 6.4.0.GA (AS 7.5.0.Final-redhat-21) started in 3337ms - Started 288 of 326 services (60 services are lazy, passive or on-demand)
13:19:37,620 INFO  [org.apache.catalina.core] (MSC service thread 1-1) JBWEB001079: Container org.apache.catalina.core.ContainerBase.[jboss.web].[default-host].[/] has not been started
13:19:37,621 INFO  [org.jboss.as.connector.subsystems.datasources] (MSC service thread 1-1) JBAS010409: Unbound data source [java:jboss/datasources/ExampleDS]
13:19:37,646 INFO  [org.apache.coyote.http11.Http11Protocol] (MSC service thread 1-16) JBWEB003075: Coyote HTTP/1.1 pausing on: http-localhost/127.0.0.1:8080
13:19:37,648 INFO  [org.apache.coyote.http11.Http11Protocol] (MSC service thread 1-16) JBWEB003077: Coyote HTTP/1.1 stopping on : http-localhost/127.0.0.1:8080
13:19:37,647 INFO  [org.jboss.web] (ServerService Thread Pool -- 70) JBAS018224: Unregister web context: /ldap
13:19:37,648 INFO  [org.apache.catalina.core.ContainerBase.[jboss.web].[default-host].[/ldap]] (ServerService Thread Pool -- 70) Destroying Spring FrameworkServlet 'dispatcher'
13:19:37,649 INFO  [org.springframework.web.context.support.AnnotationConfigWebApplicationContext] (ServerService Thread Pool -- 70) Closing WebApplicationContext for namespace 'dispatcher-servlet': startup date [Sun Aug 26 13:17:54 BRT 2018]; parent: Root WebApplicationContext
13:19:37,650 INFO  [org.apache.catalina.core.ContainerBase.[jboss.web].[default-host].[/ldap]] (ServerService Thread Pool -- 70) Closing Spring root WebApplicationContext
13:19:37,651 INFO  [org.springframework.web.context.support.AnnotationConfigWebApplicationContext] (ServerService Thread Pool -- 70) Closing Root WebApplicationContext: startup date [Sun Aug 26 13:17:53 BRT 2018]; root of context hierarchy
13:19:37,686 INFO  [org.jboss.as.server.deployment] (MSC service thread 1-15) JBAS015877: Stopped deployment ldap-search-0.0.1-SNAPSHOT.war (runtime-name: ldap-search-0.0.1-SNAPSHOT.war) in 71ms
13:19:37,688 INFO  [org.jboss.as] (MSC service thread 1-6) JBAS015950: JBoss EAP 6.4.0.GA (AS 7.5.0.Final-redhat-21) stopped in 39ms
