2018-08-25 20:30:40.837  INFO 9494 --- [main] br.com.dixy.ldap.LdapSearchApplication   : Starting LdapSearchApplication on dixy-Inspiron-15-7000-Gaming with PID 9494 (/home/dixy/git/repository/diego-guisosi/ldap/ldap-search/target/classes started by dixy in /home/dixy/git/repository/diego-guisosi/ldap/ldap-search)
2018-08-25 20:30:40.840  INFO 9494 --- [main] br.com.dixy.ldap.LdapSearchApplication   : No active profile set, falling back to default profiles: default
2018-08-25 20:30:40.890  INFO 9494 --- [main] ConfigServletWebServerApplicationContext : Refreshing org.springframework.boot.web.servlet.context.AnnotationConfigServletWebServerApplicationContext@4df50bcc: startup date [Sat Aug 25 20:30:40 BRT 2018]; root of context hierarchy
2018-08-25 20:30:41.721  INFO 9494 --- [main] o.s.b.w.embedded.tomcat.TomcatWebServer  : Tomcat initialized with port(s): 8080 (http)
2018-08-25 20:30:41.744  INFO 9494 --- [main] o.apache.catalina.core.StandardService   : Starting service [Tomcat]
2018-08-25 20:30:41.744  INFO 9494 --- [main] org.apache.catalina.core.StandardEngine  : Starting Servlet Engine: Apache Tomcat/8.5.32
2018-08-25 20:30:41.752  INFO 9494 --- [localhost-startStop-1] o.a.catalina.core.AprLifecycleListener   : The APR based Apache Tomcat Native library which allows optimal performance in production environments was not found on the java.library.path: [/usr/java/packages/lib/amd64:/usr/lib64:/lib64:/lib:/usr/lib]
2018-08-25 20:30:41.840  INFO 9494 --- [localhost-startStop-1] o.a.c.c.C.[Tomcat].[localhost].[/]       : Initializing Spring embedded WebApplicationContext
2018-08-25 20:30:41.840  INFO 9494 --- [localhost-startStop-1] o.s.web.context.ContextLoader            : Root WebApplicationContext: initialization completed in 950 ms
2018-08-25 20:30:41.876  INFO 9494 --- [localhost-startStop-1] o.s.b.w.servlet.ServletRegistrationBean  : Servlet dispatcherServlet mapped to [/]
2018-08-25 20:30:41.878  INFO 9494 --- [localhost-startStop-1] o.s.b.w.servlet.FilterRegistrationBean   : Mapping filter: 'characterEncodingFilter' to: [/*]
2018-08-25 20:30:41.879  INFO 9494 --- [localhost-startStop-1] o.s.b.w.servlet.FilterRegistrationBean   : Mapping filter: 'hiddenHttpMethodFilter' to: [/*]
2018-08-25 20:30:41.879  INFO 9494 --- [localhost-startStop-1] o.s.b.w.servlet.FilterRegistrationBean   : Mapping filter: 'httpPutFormContentFilter' to: [/*]
2018-08-25 20:30:41.879  INFO 9494 --- [localhost-startStop-1] o.s.b.w.servlet.FilterRegistrationBean   : Mapping filter: 'requestContextFilter' to: [/*]
2018-08-25 20:30:42.029  INFO 9494 --- [main] o.s.w.s.handler.SimpleUrlHandlerMapping  : Mapped URL path [/**/favicon.ico] onto handler of type [class org.springframework.web.servlet.resource.ResourceHttpRequestHandler]
2018-08-25 20:30:42.193  INFO 9494 --- [main] s.w.s.m.m.a.RequestMappingHandlerAdapter : Looking for @ControllerAdvice: org.springframework.boot.web.servlet.context.AnnotationConfigServletWebServerApplicationContext@4df50bcc: startup date [Sat Aug 25 20:30:40 BRT 2018]; root of context hierarchy
2018-08-25 20:30:42.245  INFO 9494 --- [main] s.w.s.m.m.a.RequestMappingHandlerMapping : Mapped "{[/people],methods=[GET]}" onto public java.util.List<br.com.dixy.ldap.domain.Person> br.com.dixy.ldap.controller.PersonController.getPeople()
2018-08-25 20:30:42.248  INFO 9494 --- [main] s.w.s.m.m.a.RequestMappingHandlerMapping : Mapped "{[/error],produces=[text/html]}" onto public org.springframework.web.servlet.ModelAndView org.springframework.boot.autoconfigure.web.servlet.error.BasicErrorController.errorHtml(javax.servlet.http.HttpServletRequest,javax.servlet.http.HttpServletResponse)
2018-08-25 20:30:42.248  INFO 9494 --- [main] s.w.s.m.m.a.RequestMappingHandlerMapping : Mapped "{[/error]}" onto public org.springframework.http.ResponseEntity<java.util.Map<java.lang.String, java.lang.Object>> org.springframework.boot.autoconfigure.web.servlet.error.BasicErrorController.error(javax.servlet.http.HttpServletRequest)
2018-08-25 20:30:42.262  INFO 9494 --- [main] o.s.w.s.handler.SimpleUrlHandlerMapping  : Mapped URL path [/webjars/**] onto handler of type [class org.springframework.web.servlet.resource.ResourceHttpRequestHandler]
2018-08-25 20:30:42.263  INFO 9494 --- [main] o.s.w.s.handler.SimpleUrlHandlerMapping  : Mapped URL path [/**] onto handler of type [class org.springframework.web.servlet.resource.ResourceHttpRequestHandler]
2018-08-25 20:30:42.355  INFO 9494 --- [main] o.s.j.e.a.AnnotationMBeanExporter        : Registering beans for JMX exposure on startup
2018-08-25 20:30:42.377  INFO 9494 --- [main] o.s.b.w.embedded.tomcat.TomcatWebServer  : Tomcat started on port(s): 8080 (http) with context path ''
2018-08-25 20:30:42.380  INFO 9494 --- [main] br.com.dixy.ldap.LdapSearchApplication   : Started LdapSearchApplication in 1.786 seconds (JVM running for 2.497)
2018-08-25 20:31:01.706  INFO 9494 --- [http-nio-8080-exec-1] o.a.c.c.C.[Tomcat].[localhost].[/]       : Initializing Spring FrameworkServlet 'dispatcherServlet'
2018-08-25 20:31:01.706  INFO 9494 --- [http-nio-8080-exec-1] o.s.web.servlet.DispatcherServlet        : FrameworkServlet 'dispatcherServlet': initialization started
2018-08-25 20:31:01.716  INFO 9494 --- [http-nio-8080-exec-1] o.s.web.servlet.DispatcherServlet        : FrameworkServlet 'dispatcherServlet': initialization completed in 10 ms
2018-08-25 20:31:52.606  INFO 9494 --- [Thread-5] ConfigServletWebServerApplicationContext : Closing org.springframework.boot.web.servlet.context.AnnotationConfigServletWebServerApplicationContext@4df50bcc: startup date [Sat Aug 25 20:30:40 BRT 2018]; root of context hierarchy
2018-08-25 20:31:52.613  INFO 9494 --- [Thread-5] o.s.j.e.a.AnnotationMBeanExporter        : Unregistering JMX-exposed beans on shutdown
