2018-08-25 21:02:11.855  INFO 17634 --- [main] br.com.dixy.ldap.LdapSearchApplication   : Starting LdapSearchApplication on dixy-Inspiron-15-7000-Gaming with PID 17634 (/home/dixy/git/repository/diego-guisosi/ldap/ldap-search/target/classes started by dixy in /home/dixy/git/repository/diego-guisosi/ldap/ldap-search)
2018-08-25 21:02:11.857  INFO 17634 --- [main] br.com.dixy.ldap.LdapSearchApplication   : No active profile set, falling back to default profiles: default
2018-08-25 21:02:11.893  INFO 17634 --- [main] ConfigServletWebServerApplicationContext : Refreshing org.springframework.boot.web.servlet.context.AnnotationConfigServletWebServerApplicationContext@1a04f701: startup date [Sat Aug 25 21:02:11 BRT 2018]; root of context hierarchy
2018-08-25 21:02:12.808  INFO 17634 --- [main] o.s.b.w.embedded.tomcat.TomcatWebServer  : Tomcat initialized with port(s): 8080 (http)
2018-08-25 21:02:12.829  INFO 17634 --- [main] o.apache.catalina.core.StandardService   : Starting service [Tomcat]
2018-08-25 21:02:12.830  INFO 17634 --- [main] org.apache.catalina.core.StandardEngine  : Starting Servlet Engine: Apache Tomcat/8.5.32
2018-08-25 21:02:12.838  INFO 17634 --- [localhost-startStop-1] o.a.catalina.core.AprLifecycleListener   : The APR based Apache Tomcat Native library which allows optimal performance in production environments was not found on the java.library.path: [/usr/java/packages/lib/amd64:/usr/lib64:/lib64:/lib:/usr/lib]
2018-08-25 21:02:12.908  INFO 17634 --- [localhost-startStop-1] o.a.c.c.C.[Tomcat].[localhost].[/]       : Initializing Spring embedded WebApplicationContext
2018-08-25 21:02:12.909  INFO 17634 --- [localhost-startStop-1] o.s.web.context.ContextLoader            : Root WebApplicationContext: initialization completed in 1016 ms
2018-08-25 21:02:12.955  INFO 17634 --- [localhost-startStop-1] o.s.b.w.servlet.ServletRegistrationBean  : Servlet dispatcherServlet mapped to [/]
2018-08-25 21:02:12.958  INFO 17634 --- [localhost-startStop-1] o.s.b.w.servlet.FilterRegistrationBean   : Mapping filter: 'characterEncodingFilter' to: [/*]
2018-08-25 21:02:12.959  INFO 17634 --- [localhost-startStop-1] o.s.b.w.servlet.FilterRegistrationBean   : Mapping filter: 'hiddenHttpMethodFilter' to: [/*]
2018-08-25 21:02:12.959  INFO 17634 --- [localhost-startStop-1] o.s.b.w.servlet.FilterRegistrationBean   : Mapping filter: 'httpPutFormContentFilter' to: [/*]
2018-08-25 21:02:12.959  INFO 17634 --- [localhost-startStop-1] o.s.b.w.servlet.FilterRegistrationBean   : Mapping filter: 'requestContextFilter' to: [/*]
2018-08-25 21:02:13.117  INFO 17634 --- [main] o.s.w.s.handler.SimpleUrlHandlerMapping  : Mapped URL path [/**/favicon.ico] onto handler of type [class org.springframework.web.servlet.resource.ResourceHttpRequestHandler]
2018-08-25 21:02:13.232  INFO 17634 --- [main] s.w.s.m.m.a.RequestMappingHandlerAdapter : Looking for @ControllerAdvice: org.springframework.boot.web.servlet.context.AnnotationConfigServletWebServerApplicationContext@1a04f701: startup date [Sat Aug 25 21:02:11 BRT 2018]; root of context hierarchy
2018-08-25 21:02:13.288  INFO 17634 --- [main] s.w.s.m.m.a.RequestMappingHandlerMapping : Mapped "{[/people],methods=[GET]}" onto public java.util.List<br.com.dixy.ldap.domain.Person> br.com.dixy.ldap.controller.PersonController.getPeople()
2018-08-25 21:02:13.291  INFO 17634 --- [main] s.w.s.m.m.a.RequestMappingHandlerMapping : Mapped "{[/error],produces=[text/html]}" onto public org.springframework.web.servlet.ModelAndView org.springframework.boot.autoconfigure.web.servlet.error.BasicErrorController.errorHtml(javax.servlet.http.HttpServletRequest,javax.servlet.http.HttpServletResponse)
2018-08-25 21:02:13.291  INFO 17634 --- [main] s.w.s.m.m.a.RequestMappingHandlerMapping : Mapped "{[/error]}" onto public org.springframework.http.ResponseEntity<java.util.Map<java.lang.String, java.lang.Object>> org.springframework.boot.autoconfigure.web.servlet.error.BasicErrorController.error(javax.servlet.http.HttpServletRequest)
2018-08-25 21:02:13.308  INFO 17634 --- [main] o.s.w.s.handler.SimpleUrlHandlerMapping  : Mapped URL path [/webjars/**] onto handler of type [class org.springframework.web.servlet.resource.ResourceHttpRequestHandler]
2018-08-25 21:02:13.308  INFO 17634 --- [main] o.s.w.s.handler.SimpleUrlHandlerMapping  : Mapped URL path [/**] onto handler of type [class org.springframework.web.servlet.resource.ResourceHttpRequestHandler]
2018-08-25 21:02:13.404  INFO 17634 --- [main] o.s.j.e.a.AnnotationMBeanExporter        : Registering beans for JMX exposure on startup
2018-08-25 21:02:13.435  INFO 17634 --- [main] o.s.b.w.embedded.tomcat.TomcatWebServer  : Tomcat started on port(s): 8080 (http) with context path ''
2018-08-25 21:02:13.438  INFO 17634 --- [main] br.com.dixy.ldap.LdapSearchApplication   : Started LdapSearchApplication in 1.843 seconds (JVM running for 2.479)
2018-08-25 21:02:29.637  INFO 17634 --- [http-nio-8080-exec-2] o.a.c.c.C.[Tomcat].[localhost].[/]       : Initializing Spring FrameworkServlet 'dispatcherServlet'
2018-08-25 21:02:29.638  INFO 17634 --- [http-nio-8080-exec-2] o.s.web.servlet.DispatcherServlet        : FrameworkServlet 'dispatcherServlet': initialization started
2018-08-25 21:02:29.647  INFO 17634 --- [http-nio-8080-exec-2] o.s.web.servlet.DispatcherServlet        : FrameworkServlet 'dispatcherServlet': initialization completed in 9 ms
2018-08-25 21:03:31.830  INFO 17634 --- [Thread-5] ConfigServletWebServerApplicationContext : Closing org.springframework.boot.web.servlet.context.AnnotationConfigServletWebServerApplicationContext@1a04f701: startup date [Sat Aug 25 21:02:11 BRT 2018]; root of context hierarchy
2018-08-25 21:03:31.833  INFO 17634 --- [Thread-5] o.s.j.e.a.AnnotationMBeanExporter        : Unregistering JMX-exposed beans on shutdown
